<?xml version="1.0" encoding="UTF-8"?>
<!-- Generated by org.testng.reporters.JUnitXMLReporter -->
<testsuite hostname="LAPTOP-UMFJ6OLA" ignored="0" name="DrGarcia" tests="19" failures="2" timestamp="2021-12-13T17:23:02 IST" time="814.051" errors="0">
  <testcase name="signupTest" time="9.357" classname="com.DrGarcia.UserTestScripts.SignupUserTest"/>
  <testcase name="loginTest" time="6.319" classname="com.DrGarcia.UserTestScripts.LoginPageTest"/>
  <testcase name="forgotPassword" time="8.872" classname="com.DrGarcia.UserTestScripts.ForgotPasswordTest"/>
  <testcase name="MainpurchaseCourse" time="26.924" classname="com.DrGarcia.UserTestScripts.ApplyforMainCourseTest"/>
  <testcase name="purchaseKnowledgeCourse" time="28.873" classname="com.DrGarcia.UserTestScripts.ApplyForKnowledgeVideoTest"/>
  <testcase name="watch" time="39.408" classname="com.DrGarcia.UserTestScripts.WatchSessionTest"/>
  <testcase name="newsLetter" time="1.791" classname="com.DrGarcia.UserTestScripts.FooterPageTest"/>
  <testcase name="checkFacebooklink" time="8.736" classname="com.DrGarcia.UserTestScripts.FooterPageTest"/>
  <testcase name="checkYoutubeLink" time="17.793" classname="com.DrGarcia.UserTestScripts.FooterPageTest"/>
  <testcase name="privacyPolicy" time="2.634" classname="com.DrGarcia.UserTestScripts.FooterPageTest"/>
  <testcase name="termsConditions" time="2.731" classname="com.DrGarcia.UserTestScripts.FooterPageTest"/>
  <testcase name="poweredByHelenzys" time="3.753" classname="com.DrGarcia.UserTestScripts.FooterPageTest"/>
  <testcase name="recentPost" time="1.76" classname="com.DrGarcia.UserTestScripts.FooterPageTest"/>
  <testcase name="contactPage" time="24.97" classname="com.DrGarcia.UserTestScripts.ContactPageTest">
    <failure type="org.openqa.selenium.UnhandledAlertException" message="unexpected alert open: {Alert text : Google recaptcha not verified}
  (Session info: chrome=96.0.4664.93): Google recaptcha not verified
Build info: version: &amp;apos;3.141.59&amp;apos;, revision: &amp;apos;e82be7d358&amp;apos;, time: &amp;apos;2018-11-14T08:17:03&amp;apos;
System info: host: &amp;apos;LAPTOP-UMFJ6OLA&amp;apos;, ip: &amp;apos;192.168.0.106&amp;apos;, os.name: &amp;apos;Windows 10&amp;apos;, os.arch: &amp;apos;amd64&amp;apos;, os.version: &amp;apos;10.0&amp;apos;, java.version: &amp;apos;1.8.0_281&amp;apos;
Driver info: org.openqa.selenium.chrome.ChromeDriver
Capabilities {acceptInsecureCerts: false, browserName: chrome, browserVersion: 96.0.4664.93, chrome: {chromedriverVersion: 95.0.4638.69 (6a1600ed572fe..., userDataDir: C:\Users\kalyan\AppData\Loc...}, goog:chromeOptions: {debuggerAddress: localhost:50102}, javascriptEnabled: true, networkConnectionEnabled: false, pageLoadStrategy: normal, platform: WINDOWS, platformName: WINDOWS, proxy: Proxy(), setWindowRect: true, strictFileInteractability: false, timeouts: {implicit: 0, pageLoad: 300000, script: 30000}, unhandledPromptBehavior: dismiss and notify, webauthn:extension:credBlob: true, webauthn:extension:largeBlob: true, webauthn:virtualAuthenticators: true}
Session ID: 0e10629620de436382979d28cfb044a2">
      <![CDATA[org.openqa.selenium.UnhandledAlertException: unexpected alert open: {Alert text : Google recaptcha not verified}
  (Session info: chrome=96.0.4664.93): Google recaptcha not verified
Build info: version: '3.141.59', revision: 'e82be7d358', time: '2018-11-14T08:17:03'
System info: host: 'LAPTOP-UMFJ6OLA', ip: '192.168.0.106', os.name: 'Windows 10', os.arch: 'amd64', os.version: '10.0', java.version: '1.8.0_281'
Driver info: org.openqa.selenium.chrome.ChromeDriver
Capabilities {acceptInsecureCerts: false, browserName: chrome, browserVersion: 96.0.4664.93, chrome: {chromedriverVersion: 95.0.4638.69 (6a1600ed572fe..., userDataDir: C:\Users\kalyan\AppData\Loc...}, goog:chromeOptions: {debuggerAddress: localhost:50102}, javascriptEnabled: true, networkConnectionEnabled: false, pageLoadStrategy: normal, platform: WINDOWS, platformName: WINDOWS, proxy: Proxy(), setWindowRect: true, strictFileInteractability: false, timeouts: {implicit: 0, pageLoad: 300000, script: 30000}, unhandledPromptBehavior: dismiss and notify, webauthn:extension:credBlob: true, webauthn:extension:largeBlob: true, webauthn:virtualAuthenticators: true}
Session ID: 0e10629620de436382979d28cfb044a2
at org.openqa.selenium.remote.http.W3CHttpResponseCodec.decode(W3CHttpResponseCodec.java:120)
at org.openqa.selenium.remote.http.W3CHttpResponseCodec.decode(W3CHttpResponseCodec.java:49)
at org.openqa.selenium.remote.HttpCommandExecutor.execute(HttpCommandExecutor.java:158)
at org.openqa.selenium.remote.service.DriverCommandExecutor.execute(DriverCommandExecutor.java:83)
at org.openqa.selenium.remote.RemoteWebDriver.execute(RemoteWebDriver.java:552)
at org.openqa.selenium.remote.RemoteWebDriver.execute(RemoteWebDriver.java:609)
at org.openqa.selenium.remote.RemoteWebDriver.getScreenshotAs(RemoteWebDriver.java:295)
at com.DrGarcia.BasePackage.ListenerImplementation.onTestSuccess(ListenerImplementation.java:28)
at java.util.ArrayList.forEach(ArrayList.java:1259)
... Removed 24 stack frames]]>
    </failure>
  </testcase> <!-- contactPage -->
  <testcase name="testimonalVideos" time="15.65" classname="com.DrGarcia.UserTestScripts.ContactPageTest"/>
  <testcase name="aboutUs" time="12.899" classname="com.DrGarcia.UserTestScripts.AboutUsTest"/>
  <testcase name="aboutUs1" time="10.907" classname="com.DrGarcia.UserTestScripts.AboutUsTest">
    <failure type="java.lang.AssertionError" message="expected [USA BIOMAGNETISM SEMINAR APRIL 2019] but found []">
      <![CDATA[java.lang.AssertionError: expected [USA BIOMAGNETISM SEMINAR APRIL 2019] but found []
at com.DrGarcia.UserPageLibrary.AboutUs.garciaJourney(AboutUs.java:57)
at com.DrGarcia.UserTestScripts.AboutUsTest.aboutUs1(AboutUsTest.java:48)
at java.util.ArrayList.forEach(ArrayList.java:1259)
... Removed 33 stack frames]]>
    </failure>
  </testcase> <!-- aboutUs1 -->
  <testcase name="userCheck" time="15.3" classname="com.DrGarcia.UserTestScripts.MyAccountTest"/>
  <testcase name="changePasswordTest" time="24.555" classname="com.DrGarcia.UserTestScripts.MyAccountTest"/>
</testsuite> <!-- DrGarcia -->
