<?xml version="1.0" encoding="UTF-8"?>
<testng-results skipped="0" failed="2" ignored="0" total="15" passed="13">
  <reporter-output>
  </reporter-output>
  <suite name="Suite" duration-ms="631056" started-at="2021-12-03T13:00:44 IST" finished-at="2021-12-03T13:11:15 IST">
    <groups>
    </groups>
    <test name="DrGarcia" duration-ms="631056" started-at="2021-12-03T13:00:44 IST" finished-at="2021-12-03T13:11:15 IST">
      <class name="com.DrGarcia.UserTestScripts.ApplyForKnowledgeVideoTest">
        <test-method status="PASS" signature="setUp()[pri:0, instance:com.DrGarcia.UserTestScripts.ApplyForKnowledgeVideoTest@376b4233]" name="setUp" is-config="true" duration-ms="22857" started-at="2021-12-03T13:03:17 IST" finished-at="2021-12-03T13:03:39 IST">
          <reporter-output>
          </reporter-output>
        </test-method> <!-- setUp -->
        <test-method status="PASS" signature="purchaseKnowledgeCourse()[pri:0, instance:com.DrGarcia.UserTestScripts.ApplyForKnowledgeVideoTest@376b4233]" name="purchaseKnowledgeCourse" duration-ms="33972" started-at="2021-12-03T13:03:39 IST" finished-at="2021-12-03T13:04:13 IST">
          <reporter-output>
          </reporter-output>
        </test-method> <!-- purchaseKnowledgeCourse -->
      </class> <!-- com.DrGarcia.UserTestScripts.ApplyForKnowledgeVideoTest -->
      <class name="com.DrGarcia.UserTestScripts.ApplyforMainCourseTest">
        <test-method status="PASS" signature="setUp()[pri:0, instance:com.DrGarcia.UserTestScripts.ApplyforMainCourseTest@4fcd19b3]" name="setUp" is-config="true" duration-ms="19076" started-at="2021-12-03T13:02:31 IST" finished-at="2021-12-03T13:02:51 IST">
          <reporter-output>
          </reporter-output>
        </test-method> <!-- setUp -->
        <test-method status="PASS" signature="MainpurchaseCourse()[pri:0, instance:com.DrGarcia.UserTestScripts.ApplyforMainCourseTest@4fcd19b3]" name="MainpurchaseCourse" duration-ms="24525" started-at="2021-12-03T13:02:51 IST" finished-at="2021-12-03T13:03:15 IST">
          <reporter-output>
          </reporter-output>
        </test-method> <!-- MainpurchaseCourse -->
        <test-method status="PASS" signature="close()[pri:0, instance:com.DrGarcia.UserTestScripts.ApplyforMainCourseTest@4fcd19b3]" name="close" is-config="true" duration-ms="0" started-at="2021-12-03T13:03:17 IST" finished-at="2021-12-03T13:03:17 IST">
          <reporter-output>
          </reporter-output>
        </test-method> <!-- close -->
      </class> <!-- com.DrGarcia.UserTestScripts.ApplyforMainCourseTest -->
      <class name="com.DrGarcia.UserTestScripts.SignupUserTest">
        <test-method status="PASS" signature="setUp()[pri:0, instance:com.DrGarcia.UserTestScripts.SignupUserTest@7e0e6aa2]" name="setUp" is-config="true" duration-ms="20921" started-at="2021-12-03T13:00:44 IST" finished-at="2021-12-03T13:01:05 IST">
          <reporter-output>
          </reporter-output>
        </test-method> <!-- setUp -->
        <test-method status="PASS" signature="signupTest()[pri:0, instance:com.DrGarcia.UserTestScripts.SignupUserTest@7e0e6aa2]" name="signupTest" duration-ms="9805" started-at="2021-12-03T13:01:05 IST" finished-at="2021-12-03T13:01:15 IST">
          <reporter-output>
          </reporter-output>
        </test-method> <!-- signupTest -->
        <test-method status="PASS" signature="closebrowser()[pri:0, instance:com.DrGarcia.UserTestScripts.SignupUserTest@7e0e6aa2]" name="closebrowser" is-config="true" duration-ms="737" started-at="2021-12-03T13:01:24 IST" finished-at="2021-12-03T13:01:25 IST">
          <reporter-output>
          </reporter-output>
        </test-method> <!-- closebrowser -->
      </class> <!-- com.DrGarcia.UserTestScripts.SignupUserTest -->
      <class name="com.DrGarcia.UserTestScripts.ForgotPasswordTest">
        <test-method status="PASS" signature="setUp()[pri:0, instance:com.DrGarcia.UserTestScripts.ForgotPasswordTest@5204062d]" name="setUp" is-config="true" duration-ms="12385" started-at="2021-12-03T13:02:01 IST" finished-at="2021-12-03T13:02:14 IST">
          <reporter-output>
          </reporter-output>
        </test-method> <!-- setUp -->
        <test-method status="PASS" signature="forgotPassword()[pri:0, instance:com.DrGarcia.UserTestScripts.ForgotPasswordTest@5204062d]" name="forgotPassword" duration-ms="5540" started-at="2021-12-03T13:02:14 IST" finished-at="2021-12-03T13:02:19 IST">
          <reporter-output>
          </reporter-output>
        </test-method> <!-- forgotPassword -->
      </class> <!-- com.DrGarcia.UserTestScripts.ForgotPasswordTest -->
      <class name="com.DrGarcia.UserTestScripts.MyAccountTest">
        <test-method status="PASS" signature="setUp()[pri:0, instance:com.DrGarcia.UserTestScripts.MyAccountTest@17211155]" name="setUp" is-config="true" duration-ms="17375" started-at="2021-12-03T13:09:57 IST" finished-at="2021-12-03T13:10:14 IST">
          <reporter-output>
          </reporter-output>
        </test-method> <!-- setUp -->
        <test-method status="PASS" signature="userCheck()[pri:1, instance:com.DrGarcia.UserTestScripts.MyAccountTest@17211155]" name="userCheck" duration-ms="14012" started-at="2021-12-03T13:10:14 IST" finished-at="2021-12-03T13:10:28 IST">
          <reporter-output>
          </reporter-output>
        </test-method> <!-- userCheck -->
        <test-method status="PASS" signature="setUp()[pri:0, instance:com.DrGarcia.UserTestScripts.MyAccountTest@17211155]" name="setUp" is-config="true" duration-ms="20384" started-at="2021-12-03T13:10:32 IST" finished-at="2021-12-03T13:10:52 IST">
          <reporter-output>
          </reporter-output>
        </test-method> <!-- setUp -->
        <test-method status="PASS" signature="changePasswordTest()[pri:2, instance:com.DrGarcia.UserTestScripts.MyAccountTest@17211155]" name="changePasswordTest" duration-ms="18507" started-at="2021-12-03T13:10:52 IST" finished-at="2021-12-03T13:11:11 IST">
          <reporter-output>
          </reporter-output>
        </test-method> <!-- changePasswordTest -->
      </class> <!-- com.DrGarcia.UserTestScripts.MyAccountTest -->
      <class name="com.DrGarcia.UserTestScripts.WatchSessionTest">
        <test-method status="PASS" signature="setUp()[pri:0, instance:com.DrGarcia.UserTestScripts.WatchSessionTest@2fd66ad3]" name="setUp" is-config="true" duration-ms="24424" started-at="2021-12-03T13:04:14 IST" finished-at="2021-12-03T13:04:38 IST">
          <reporter-output>
          </reporter-output>
        </test-method> <!-- setUp -->
        <test-method status="PASS" signature="watch()[pri:0, instance:com.DrGarcia.UserTestScripts.WatchSessionTest@2fd66ad3]" name="watch" duration-ms="40336" started-at="2021-12-03T13:04:38 IST" finished-at="2021-12-03T13:05:19 IST">
          <reporter-output>
          </reporter-output>
        </test-method> <!-- watch -->
      </class> <!-- com.DrGarcia.UserTestScripts.WatchSessionTest -->
      <class name="com.DrGarcia.UserTestScripts.LoginPageTest">
        <test-method status="PASS" signature="setExtent()[pri:0, instance:com.DrGarcia.UserTestScripts.LoginPageTest@5579bb86]" name="setExtent" is-config="true" duration-ms="277" started-at="2021-12-03T13:00:44 IST" finished-at="2021-12-03T13:00:44 IST">
          <reporter-output>
          </reporter-output>
        </test-method> <!-- setExtent -->
        <test-method status="PASS" signature="setUp()[pri:0, instance:com.DrGarcia.UserTestScripts.LoginPageTest@5579bb86]" name="setUp" is-config="true" duration-ms="11971" started-at="2021-12-03T13:01:25 IST" finished-at="2021-12-03T13:01:37 IST">
          <reporter-output>
          </reporter-output>
        </test-method> <!-- setUp -->
        <test-method status="PASS" signature="loginTest()[pri:0, instance:com.DrGarcia.UserTestScripts.LoginPageTest@5579bb86]" name="loginTest" duration-ms="10908" started-at="2021-12-03T13:01:37 IST" finished-at="2021-12-03T13:01:48 IST">
          <reporter-output>
          </reporter-output>
        </test-method> <!-- loginTest -->
        <test-method status="PASS" signature="closebrowser(org.testng.ITestResult)[pri:0, instance:com.DrGarcia.UserTestScripts.LoginPageTest@5579bb86]" name="closebrowser" is-config="true" duration-ms="790" started-at="2021-12-03T13:02:01 IST" finished-at="2021-12-03T13:02:01 IST">
          <params>
            <param index="0">
              <value>
                <![CDATA[[TestResult name=loginTest status=SUCCESS method=LoginPageTest.loginTest()[pri:0, instance:com.DrGarcia.UserTestScripts.LoginPageTest@5579bb86] output={null}]]]>
              </value>
            </param>
          </params>
          <reporter-output>
          </reporter-output>
        </test-method> <!-- closebrowser -->
        <test-method status="PASS" signature="endReport()[pri:0, instance:com.DrGarcia.UserTestScripts.LoginPageTest@5579bb86]" name="endReport" is-config="true" duration-ms="2377" started-at="2021-12-03T13:11:13 IST" finished-at="2021-12-03T13:11:15 IST">
          <reporter-output>
          </reporter-output>
        </test-method> <!-- endReport -->
      </class> <!-- com.DrGarcia.UserTestScripts.LoginPageTest -->
      <class name="com.DrGarcia.UserTestScripts.FooterPageTest">
        <test-method status="PASS" signature="setUp()[pri:0, instance:com.DrGarcia.UserTestScripts.FooterPageTest@7a36aefa]" name="setUp" is-config="true" duration-ms="17728" started-at="2021-12-03T13:05:20 IST" finished-at="2021-12-03T13:05:38 IST">
          <reporter-output>
          </reporter-output>
        </test-method> <!-- setUp -->
        <test-method status="FAIL" signature="newsLetter()[pri:1, instance:com.DrGarcia.UserTestScripts.FooterPageTest@7a36aefa]" name="newsLetter" duration-ms="541" started-at="2021-12-03T13:05:38 IST" finished-at="2021-12-03T13:05:38 IST">
          <exception class="java.lang.AssertionError">
            <message>
              <![CDATA[failed due to You are Already Subscribed expected [Thanks for your subscribtion] but found [You are Already Subscribed]]]>
            </message>
            <full-stacktrace>
              <![CDATA[java.lang.AssertionError: failed due to You are Already Subscribed expected [Thanks for your subscribtion] but found [You are Already Subscribed]
at org.testng.Assert.fail(Assert.java:99)
at org.testng.Assert.failNotEquals(Assert.java:1037)
at org.testng.Assert.assertEqualsImpl(Assert.java:140)
at org.testng.Assert.assertEquals(Assert.java:122)
at org.testng.Assert.assertEquals(Assert.java:629)
at com.DrGarcia.UserPageLibrary.LandingPage.testNewsletter(LandingPage.java:124)
at com.DrGarcia.UserTestScripts.FooterPageTest.newsLetter(FooterPageTest.java:55)
at sun.reflect.NativeMethodAccessorImpl.invoke0(Native Method)
at sun.reflect.NativeMethodAccessorImpl.invoke(NativeMethodAccessorImpl.java:62)
at sun.reflect.DelegatingMethodAccessorImpl.invoke(DelegatingMethodAccessorImpl.java:43)
at java.lang.reflect.Method.invoke(Method.java:498)
at org.testng.internal.MethodInvocationHelper.invokeMethod(MethodInvocationHelper.java:133)
at org.testng.internal.TestInvoker.invokeMethod(TestInvoker.java:598)
at org.testng.internal.TestInvoker.invokeTestMethod(TestInvoker.java:173)
at org.testng.internal.MethodRunner.runInSequence(MethodRunner.java:46)
at org.testng.internal.TestInvoker$MethodInvocationAgent.invoke(TestInvoker.java:824)
at org.testng.internal.TestInvoker.invokeTestMethods(TestInvoker.java:146)
at org.testng.internal.TestMethodWorker.invokeTestMethods(TestMethodWorker.java:146)
at org.testng.internal.TestMethodWorker.run(TestMethodWorker.java:128)
at java.util.ArrayList.forEach(ArrayList.java:1259)
at org.testng.TestRunner.privateRun(TestRunner.java:794)
at org.testng.TestRunner.run(TestRunner.java:596)
at org.testng.SuiteRunner.runTest(SuiteRunner.java:377)
at org.testng.SuiteRunner.runSequentially(SuiteRunner.java:371)
at org.testng.SuiteRunner.privateRun(SuiteRunner.java:332)
at org.testng.SuiteRunner.run(SuiteRunner.java:276)
at org.testng.SuiteRunnerWorker.runSuite(SuiteRunnerWorker.java:53)
at org.testng.SuiteRunnerWorker.run(SuiteRunnerWorker.java:96)
at org.testng.TestNG.runSuitesSequentially(TestNG.java:1212)
at org.testng.TestNG.runSuitesLocally(TestNG.java:1134)
at org.testng.TestNG.runSuites(TestNG.java:1063)
at org.testng.TestNG.run(TestNG.java:1031)
at org.testng.remote.AbstractRemoteTestNG.run(AbstractRemoteTestNG.java:115)
at org.testng.remote.RemoteTestNG.initAndRun(RemoteTestNG.java:251)
at org.testng.remote.RemoteTestNG.main(RemoteTestNG.java:77)
]]>
            </full-stacktrace>
          </exception> <!-- java.lang.AssertionError -->
          <reporter-output>
          </reporter-output>
        </test-method> <!-- newsLetter -->
        <test-method status="PASS" signature="close()[pri:0, instance:com.DrGarcia.UserTestScripts.FooterPageTest@7a36aefa]" name="close" is-config="true" duration-ms="768" started-at="2021-12-03T13:05:46 IST" finished-at="2021-12-03T13:05:47 IST">
          <reporter-output>
          </reporter-output>
        </test-method> <!-- close -->
        <test-method status="PASS" signature="setUp()[pri:0, instance:com.DrGarcia.UserTestScripts.FooterPageTest@7a36aefa]" name="setUp" is-config="true" duration-ms="16254" started-at="2021-12-03T13:05:47 IST" finished-at="2021-12-03T13:06:03 IST">
          <reporter-output>
          </reporter-output>
        </test-method> <!-- setUp -->
        <test-method status="FAIL" signature="checkFacebooklink()[pri:2, instance:com.DrGarcia.UserTestScripts.FooterPageTest@7a36aefa]" name="checkFacebooklink" duration-ms="20782" started-at="2021-12-03T13:06:03 IST" finished-at="2021-12-03T13:06:24 IST">
          <exception class="org.openqa.selenium.TimeoutException">
            <message>
              <![CDATA[timeout: Timed out receiving message from renderer: 20.000
  (Session info: chrome=96.0.4664.45)
Build info: version: '3.141.59', revision: 'e82be7d358', time: '2018-11-14T08:17:03'
System info: host: 'LAPTOP-UMFJ6OLA', ip: '192.168.0.106', os.name: 'Windows 10', os.arch: 'amd64', os.version: '10.0', java.version: '1.8.0_281'
Driver info: org.openqa.selenium.chrome.ChromeDriver
Capabilities {acceptInsecureCerts: false, browserName: chrome, browserVersion: 96.0.4664.45, chrome: {chromedriverVersion: 95.0.4638.69 (6a1600ed572fe..., userDataDir: C:\Users\kalyan\AppData\Loc...}, goog:chromeOptions: {debuggerAddress: localhost:55110}, javascriptEnabled: true, networkConnectionEnabled: false, pageLoadStrategy: normal, platform: WINDOWS, platformName: WINDOWS, proxy: Proxy(), setWindowRect: true, strictFileInteractability: false, timeouts: {implicit: 0, pageLoad: 300000, script: 30000}, unhandledPromptBehavior: dismiss and notify, webauthn:extension:credBlob: true, webauthn:extension:largeBlob: true, webauthn:virtualAuthenticators: true}
Session ID: f7b8dadb654c61655a229a52c5d025dc]]>
            </message>
            <full-stacktrace>
              <![CDATA[org.openqa.selenium.TimeoutException: timeout: Timed out receiving message from renderer: 20.000
  (Session info: chrome=96.0.4664.45)
Build info: version: '3.141.59', revision: 'e82be7d358', time: '2018-11-14T08:17:03'
System info: host: 'LAPTOP-UMFJ6OLA', ip: '192.168.0.106', os.name: 'Windows 10', os.arch: 'amd64', os.version: '10.0', java.version: '1.8.0_281'
Driver info: org.openqa.selenium.chrome.ChromeDriver
Capabilities {acceptInsecureCerts: false, browserName: chrome, browserVersion: 96.0.4664.45, chrome: {chromedriverVersion: 95.0.4638.69 (6a1600ed572fe..., userDataDir: C:\Users\kalyan\AppData\Loc...}, goog:chromeOptions: {debuggerAddress: localhost:55110}, javascriptEnabled: true, networkConnectionEnabled: false, pageLoadStrategy: normal, platform: WINDOWS, platformName: WINDOWS, proxy: Proxy(), setWindowRect: true, strictFileInteractability: false, timeouts: {implicit: 0, pageLoad: 300000, script: 30000}, unhandledPromptBehavior: dismiss and notify, webauthn:extension:credBlob: true, webauthn:extension:largeBlob: true, webauthn:virtualAuthenticators: true}
Session ID: f7b8dadb654c61655a229a52c5d025dc
at sun.reflect.NativeConstructorAccessorImpl.newInstance0(Native Method)
at sun.reflect.NativeConstructorAccessorImpl.newInstance(NativeConstructorAccessorImpl.java:62)
at sun.reflect.DelegatingConstructorAccessorImpl.newInstance(DelegatingConstructorAccessorImpl.java:45)
at java.lang.reflect.Constructor.newInstance(Constructor.java:423)
at org.openqa.selenium.remote.http.W3CHttpResponseCodec.createException(W3CHttpResponseCodec.java:187)
at org.openqa.selenium.remote.http.W3CHttpResponseCodec.decode(W3CHttpResponseCodec.java:122)
at org.openqa.selenium.remote.http.W3CHttpResponseCodec.decode(W3CHttpResponseCodec.java:49)
at org.openqa.selenium.remote.HttpCommandExecutor.execute(HttpCommandExecutor.java:158)
at org.openqa.selenium.remote.service.DriverCommandExecutor.execute(DriverCommandExecutor.java:83)
at org.openqa.selenium.remote.RemoteWebDriver.execute(RemoteWebDriver.java:552)
at org.openqa.selenium.remote.RemoteWebDriver.execute(RemoteWebDriver.java:609)
at org.openqa.selenium.remote.RemoteWebDriver.getTitle(RemoteWebDriver.java:281)
at com.DrGarcia.UserPageLibrary.LandingPage.footerFacebook(LandingPage.java:135)
at com.DrGarcia.UserTestScripts.FooterPageTest.checkFacebooklink(FooterPageTest.java:60)
at sun.reflect.NativeMethodAccessorImpl.invoke0(Native Method)
at sun.reflect.NativeMethodAccessorImpl.invoke(NativeMethodAccessorImpl.java:62)
at sun.reflect.DelegatingMethodAccessorImpl.invoke(DelegatingMethodAccessorImpl.java:43)
at java.lang.reflect.Method.invoke(Method.java:498)
at org.testng.internal.MethodInvocationHelper.invokeMethod(MethodInvocationHelper.java:133)
at org.testng.internal.TestInvoker.invokeMethod(TestInvoker.java:598)
at org.testng.internal.TestInvoker.invokeTestMethod(TestInvoker.java:173)
at org.testng.internal.MethodRunner.runInSequence(MethodRunner.java:46)
at org.testng.internal.TestInvoker$MethodInvocationAgent.invoke(TestInvoker.java:824)
at org.testng.internal.TestInvoker.invokeTestMethods(TestInvoker.java:146)
at org.testng.internal.TestMethodWorker.invokeTestMethods(TestMethodWorker.java:146)
at org.testng.internal.TestMethodWorker.run(TestMethodWorker.java:128)
at java.util.ArrayList.forEach(ArrayList.java:1259)
at org.testng.TestRunner.privateRun(TestRunner.java:794)
at org.testng.TestRunner.run(TestRunner.java:596)
at org.testng.SuiteRunner.runTest(SuiteRunner.java:377)
at org.testng.SuiteRunner.runSequentially(SuiteRunner.java:371)
at org.testng.SuiteRunner.privateRun(SuiteRunner.java:332)
at org.testng.SuiteRunner.run(SuiteRunner.java:276)
at org.testng.SuiteRunnerWorker.runSuite(SuiteRunnerWorker.java:53)
at org.testng.SuiteRunnerWorker.run(SuiteRunnerWorker.java:96)
at org.testng.TestNG.runSuitesSequentially(TestNG.java:1212)
at org.testng.TestNG.runSuitesLocally(TestNG.java:1134)
at org.testng.TestNG.runSuites(TestNG.java:1063)
at org.testng.TestNG.run(TestNG.java:1031)
at org.testng.remote.AbstractRemoteTestNG.run(AbstractRemoteTestNG.java:115)
at org.testng.remote.RemoteTestNG.initAndRun(RemoteTestNG.java:251)
at org.testng.remote.RemoteTestNG.main(RemoteTestNG.java:77)
]]>
            </full-stacktrace>
          </exception> <!-- org.openqa.selenium.TimeoutException -->
          <reporter-output>
          </reporter-output>
        </test-method> <!-- checkFacebooklink -->
        <test-method status="PASS" signature="close()[pri:0, instance:com.DrGarcia.UserTestScripts.FooterPageTest@7a36aefa]" name="close" is-config="true" duration-ms="920" started-at="2021-12-03T13:06:30 IST" finished-at="2021-12-03T13:06:31 IST">
          <reporter-output>
          </reporter-output>
        </test-method> <!-- close -->
        <test-method status="PASS" signature="setUp()[pri:0, instance:com.DrGarcia.UserTestScripts.FooterPageTest@7a36aefa]" name="setUp" is-config="true" duration-ms="19339" started-at="2021-12-03T13:06:31 IST" finished-at="2021-12-03T13:06:50 IST">
          <reporter-output>
          </reporter-output>
        </test-method> <!-- setUp -->
        <test-method status="PASS" signature="checkYoutubeLink()[pri:3, instance:com.DrGarcia.UserTestScripts.FooterPageTest@7a36aefa]" name="checkYoutubeLink" duration-ms="24158" started-at="2021-12-03T13:06:50 IST" finished-at="2021-12-03T13:07:14 IST">
          <reporter-output>
          </reporter-output>
        </test-method> <!-- checkYoutubeLink -->
        <test-method status="PASS" signature="close()[pri:0, instance:com.DrGarcia.UserTestScripts.FooterPageTest@7a36aefa]" name="close" is-config="true" duration-ms="1306" started-at="2021-12-03T13:07:39 IST" finished-at="2021-12-03T13:07:40 IST">
          <reporter-output>
          </reporter-output>
        </test-method> <!-- close -->
        <test-method status="PASS" signature="setUp()[pri:0, instance:com.DrGarcia.UserTestScripts.FooterPageTest@7a36aefa]" name="setUp" is-config="true" duration-ms="20666" started-at="2021-12-03T13:07:40 IST" finished-at="2021-12-03T13:08:01 IST">
          <reporter-output>
          </reporter-output>
        </test-method> <!-- setUp -->
        <test-method status="PASS" signature="privacyPolicy()[pri:4, instance:com.DrGarcia.UserTestScripts.FooterPageTest@7a36aefa]" name="privacyPolicy" duration-ms="2237" started-at="2021-12-03T13:08:01 IST" finished-at="2021-12-03T13:08:03 IST">
          <reporter-output>
          </reporter-output>
        </test-method> <!-- privacyPolicy -->
        <test-method status="PASS" signature="close()[pri:0, instance:com.DrGarcia.UserTestScripts.FooterPageTest@7a36aefa]" name="close" is-config="true" duration-ms="710" started-at="2021-12-03T13:08:16 IST" finished-at="2021-12-03T13:08:17 IST">
          <reporter-output>
          </reporter-output>
        </test-method> <!-- close -->
        <test-method status="PASS" signature="setUp()[pri:0, instance:com.DrGarcia.UserTestScripts.FooterPageTest@7a36aefa]" name="setUp" is-config="true" duration-ms="18087" started-at="2021-12-03T13:08:17 IST" finished-at="2021-12-03T13:08:35 IST">
          <reporter-output>
          </reporter-output>
        </test-method> <!-- setUp -->
        <test-method status="PASS" signature="termsConditions()[pri:5, instance:com.DrGarcia.UserTestScripts.FooterPageTest@7a36aefa]" name="termsConditions" duration-ms="2491" started-at="2021-12-03T13:08:35 IST" finished-at="2021-12-03T13:08:37 IST">
          <reporter-output>
          </reporter-output>
        </test-method> <!-- termsConditions -->
        <test-method status="PASS" signature="close()[pri:0, instance:com.DrGarcia.UserTestScripts.FooterPageTest@7a36aefa]" name="close" is-config="true" duration-ms="727" started-at="2021-12-03T13:08:44 IST" finished-at="2021-12-03T13:08:45 IST">
          <reporter-output>
          </reporter-output>
        </test-method> <!-- close -->
        <test-method status="PASS" signature="setUp()[pri:0, instance:com.DrGarcia.UserTestScripts.FooterPageTest@7a36aefa]" name="setUp" is-config="true" duration-ms="18772" started-at="2021-12-03T13:08:45 IST" finished-at="2021-12-03T13:09:04 IST">
          <reporter-output>
          </reporter-output>
        </test-method> <!-- setUp -->
        <test-method status="PASS" signature="poweredByHelenzys()[pri:6, instance:com.DrGarcia.UserTestScripts.FooterPageTest@7a36aefa]" name="poweredByHelenzys" duration-ms="4104" started-at="2021-12-03T13:09:04 IST" finished-at="2021-12-03T13:09:08 IST">
          <reporter-output>
          </reporter-output>
        </test-method> <!-- poweredByHelenzys -->
        <test-method status="PASS" signature="close()[pri:0, instance:com.DrGarcia.UserTestScripts.FooterPageTest@7a36aefa]" name="close" is-config="true" duration-ms="1543" started-at="2021-12-03T13:09:30 IST" finished-at="2021-12-03T13:09:32 IST">
          <reporter-output>
          </reporter-output>
        </test-method> <!-- close -->
        <test-method status="PASS" signature="setUp()[pri:0, instance:com.DrGarcia.UserTestScripts.FooterPageTest@7a36aefa]" name="setUp" is-config="true" duration-ms="18080" started-at="2021-12-03T13:09:32 IST" finished-at="2021-12-03T13:09:50 IST">
          <reporter-output>
          </reporter-output>
        </test-method> <!-- setUp -->
        <test-method status="PASS" signature="recentPost()[pri:7, instance:com.DrGarcia.UserTestScripts.FooterPageTest@7a36aefa]" name="recentPost" duration-ms="1861" started-at="2021-12-03T13:09:50 IST" finished-at="2021-12-03T13:09:52 IST">
          <reporter-output>
          </reporter-output>
        </test-method> <!-- recentPost -->
        <test-method status="PASS" signature="close()[pri:0, instance:com.DrGarcia.UserTestScripts.FooterPageTest@7a36aefa]" name="close" is-config="true" duration-ms="1344" started-at="2021-12-03T13:09:56 IST" finished-at="2021-12-03T13:09:57 IST">
          <reporter-output>
          </reporter-output>
        </test-method> <!-- close -->
      </class> <!-- com.DrGarcia.UserTestScripts.FooterPageTest -->
    </test> <!-- DrGarcia -->
  </suite> <!-- Suite -->
</testng-results>
